[debug] [2022-12-22T06:55:11.895Z] ----------------------------------------------------------------------
[debug] [2022-12-22T06:55:11.896Z] Command:       C:\Program Files\nodejs\node.exe C:\Users\Lenovo\AppData\Roaming\npm\node_modules\firebase-tools\lib\bin\firebase.js init
[debug] [2022-12-22T06:55:11.897Z] CLI Version:   11.19.0
[debug] [2022-12-22T06:55:11.897Z] Platform:      win32
[debug] [2022-12-22T06:55:11.897Z] Node Version:  v18.12.1
[debug] [2022-12-22T06:55:11.991Z] Time:          Thu Dec 22 2022 12:25:11 GMT+0530 (India Standard Time)
[debug] [2022-12-22T06:55:11.992Z] ----------------------------------------------------------------------
[debug] 
[debug] [2022-12-22T06:55:11.998Z] > command requires scopes: ["email","openid","https://www.googleapis.com/auth/cloudplatformprojects.readonly","https://www.googleapis.com/auth/firebase","https://www.googleapis.com/auth/cloud-platform"]
[debug] [2022-12-22T06:55:11.999Z] > authorizing via signed-in user (salmankhatik300591@gmail.com)
[info] 
     ######## #### ########  ######## ########     ###     ######  ########
     ##        ##  ##     ## ##       ##     ##  ##   ##  ##       ##
     ######    ##  ########  ######   ########  #########  ######  ######
     ##        ##  ##    ##  ##       ##     ## ##     ##       ## ##
     ##       #### ##     ## ######## ########  ##     ##  ######  ########

You're about to initialize a Firebase project in this directory:

  D:\all project of ns\new-chat

[info] 
=== Project Setup
[info] 
[info] First, let's associate this project directory with a Firebase project.
[info] You can create multiple project aliases by running firebase use --add, 
[info] but for now we'll just set up a default project.
[info] 
[debug] [2022-12-22T06:58:10.966Z] >>> [apiv2][query] GET https://firebase.googleapis.com/v1beta1/projects pageSize=100
[debug] [2022-12-22T06:58:12.350Z] <<< [apiv2][status] GET https://firebase.googleapis.com/v1beta1/projects 200
[debug] [2022-12-22T06:58:12.350Z] <<< [apiv2][body] GET https://firebase.googleapis.com/v1beta1/projects [omitted]
[info] i  Using project new-chat-18e9f (new-chat) 
[info] 
=== Hosting Setup
[info] 
[info] Your public directory is the folder (relative to your project directory) that
[info] will contain Hosting assets to be uploaded with firebase deploy. If you
[info] have a build process for your assets, use your build's output directory.
[info] 
[debug] [2022-12-22T07:01:02.052Z] >>> [apiv2][query] GET https://www.gstatic.com/firebasejs/releases.json [none]
[debug] [2022-12-22T07:01:02.358Z] <<< [apiv2][status] GET https://www.gstatic.com/firebasejs/releases.json 200
[debug] [2022-12-22T07:01:02.359Z] <<< [apiv2][body] GET https://www.gstatic.com/firebasejs/releases.json {"current":{"version":"9.15.0","browserURL":"https://www.gstatic.com/firebasejs/9.15.0/firebase.js","packageURL":"https://www.gstatic.com/firebasejs/9.15.0/firebase.tgz"},"live":{"version":"9.15","browserURL":"https://www.gstatic.com/firebasejs/live/9.15/firebase.js","packageURL":"https://www.gstatic.com/firebasejs/live/9.15/firebase.tgz"},"components":{"analytics":"https://www.gstatic.com/firebasejs/9.15.0/firebase-analytics.js","app":"https://www.gstatic.com/firebasejs/9.15.0/firebase-app.js","app-check":"https://www.gstatic.com/firebasejs/9.15.0/firebase-app-check.js","auth":"https://www.gstatic.com/firebasejs/9.15.0/firebase-auth.js","auth/cordova":"https://www.gstatic.com/firebasejs/9.15.0/firebase-auth/cordova.js","auth/react-native":"https://www.gstatic.com/firebasejs/9.15.0/firebase-auth/react-native.js","functions":"https://www.gstatic.com/firebasejs/9.15.0/firebase-functions.js","firestore":"https://www.gstatic.com/firebasejs/9.15.0/firebase-firestore.js","firestore/lite":"https://www.gstatic.com/firebasejs/9.15.0/firebase-firestore/lite.js","installations":"https://www.gstatic.com/firebasejs/9.15.0/firebase-installations.js","storage":"https://www.gstatic.com/firebasejs/9.15.0/firebase-storage.js","performance":"https://www.gstatic.com/firebasejs/9.15.0/firebase-performance.js","remote-config":"https://www.gstatic.com/firebasejs/9.15.0/firebase-remote-config.js","messaging":"https://www.gstatic.com/firebasejs/9.15.0/firebase-messaging.js","messaging/sw":"https://www.gstatic.com/firebasejs/9.15.0/firebase-messaging/sw.js","database":"https://www.gstatic.com/firebasejs/9.15.0/firebase-database.js","firestore.memory":"https://www.gstatic.com/firebasejs/9.15.0/firebase-firestore.memory.js"}}
[info] i  Skipping write of public/index.html 
[info] 
[info] i  Detected a .git folder at D:\all project of ns\new-chat 
[info] i  Authorizing with GitHub to upload your service account to a GitHub repository's secrets store. 
[info] 
[info] Visit this URL on this device to log in:
[info] https://github.com/login/oauth/authorize?client_id=89cf50f02ac6aaed3484&state=300589037&redirect_uri=http%3A%2F%2Flocalhost%3A9005&scope=read%3Auser%20repo%20public_repo
[info] 
[info] Waiting for authentication...
[debug] [2022-12-22T07:02:27.773Z] >>> [apiv2][query] POST https://github.com/login/oauth/access_token [none]
[debug] [2022-12-22T07:02:27.773Z] >>> [apiv2][body] POST https://github.com/login/oauth/access_token [stream]
[debug] [2022-12-22T07:02:28.211Z] <<< [apiv2][status] POST https://github.com/login/oauth/access_token 200
[debug] [2022-12-22T07:02:28.211Z] <<< [apiv2][body] POST https://github.com/login/oauth/access_token {"access_token":"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","token_type":"bearer","scope":"read:user,repo"}
[debug] [2022-12-22T07:02:28.231Z] >>> [apiv2][query] GET https://api.github.com/user [none]
[debug] [2022-12-22T07:02:28.813Z] <<< [apiv2][status] GET https://api.github.com/user 200
[debug] [2022-12-22T07:02:28.813Z] <<< [apiv2][body] GET https://api.github.com/user {"login":"salmank305","id":110889430,"node_id":"U_kgDOBpwJ1g","avatar_url":"https://avatars.githubusercontent.com/u/110889430?v=4","gravatar_id":"","url":"https://api.github.com/users/salmank305","html_url":"https://github.com/salmank305","followers_url":"https://api.github.com/users/salmank305/followers","following_url":"https://api.github.com/users/salmank305/following{/other_user}","gists_url":"https://api.github.com/users/salmank305/gists{/gist_id}","starred_url":"https://api.github.com/users/salmank305/starred{/owner}{/repo}","subscriptions_url":"https://api.github.com/users/salmank305/subscriptions","organizations_url":"https://api.github.com/users/salmank305/orgs","repos_url":"https://api.github.com/users/salmank305/repos","events_url":"https://api.github.com/users/salmank305/events{/privacy}","received_events_url":"https://api.github.com/users/salmank305/received_events","type":"User","site_admin":false,"name":"Salman khatik","company":"Aspiring FrontendDeveloper ,CSS || JS || React #Learnability","blog":"","location":"Nasik Maharastra","email":null,"hireable":null,"bio":null,"twitter_username":null,"public_repos":40,"public_gists":0,"followers":3,"following":0,"created_at":"2022-08-09T07:00:59Z","updated_at":"2022-10-28T05:48:56Z","private_gists":0,"total_private_repos":56,"owned_private_repos":56,"disk_usage":88137,"collaborators":0,"two_factor_authentication":false,"plan":{"name":"free","space":976562499,"collaborators":0,"private_repos":10000}}
[info] 
[info] +  Success! Logged into GitHub as salmank305 
[info] 
[debug] [2022-12-22T07:02:56.176Z] >>> [apiv2][query] GET https://api.github.com/repos/firebase deploy/actions/secrets/public-key type=owner
[debug] [2022-12-22T07:02:56.617Z] <<< [apiv2][status] GET https://api.github.com/repos/firebase deploy/actions/secrets/public-key 404
[debug] [2022-12-22T07:02:56.617Z] <<< [apiv2][body] GET https://api.github.com/repos/firebase deploy/actions/secrets/public-key {"message":"Not Found","documentation_url":"https://docs.github.com/rest"}
[debug] [2022-12-22T07:02:59.279Z] >>> [apiv2][query] GET https://api.github.com/repos/firebase deploy/actions/secrets/public-key type=owner
[debug] [2022-12-22T07:02:59.698Z] <<< [apiv2][status] GET https://api.github.com/repos/firebase deploy/actions/secrets/public-key 404
[debug] [2022-12-22T07:02:59.699Z] <<< [apiv2][body] GET https://api.github.com/repos/firebase deploy/actions/secrets/public-key {"message":"Not Found","documentation_url":"https://docs.github.com/rest"}
[debug] [2022-12-22T07:03:37.413Z] >>> [apiv2][query] GET https://api.github.com/repos/firebase deploy/actions/secrets/public-key type=owner
[debug] [2022-12-22T07:03:37.890Z] <<< [apiv2][status] GET https://api.github.com/repos/firebase deploy/actions/secrets/public-key 404
[debug] [2022-12-22T07:03:37.890Z] <<< [apiv2][body] GET https://api.github.com/repos/firebase deploy/actions/secrets/public-key {"message":"Not Found","documentation_url":"https://docs.github.com/rest"}
[debug] [2022-12-22T07:04:37.246Z] >>> [apiv2][query] GET https://api.github.com/repos/firebase deploy/actions/secrets/public-key type=owner
[debug] [2022-12-22T07:04:37.393Z] >>> [apiv2][query] GET https://api.github.com/repos//actions/secrets/public-key type=owner
[debug] [2022-12-22T07:04:37.523Z] >>> [apiv2][query] GET https://api.github.com/repos//actions/secrets/public-key type=owner
[debug] [2022-12-22T07:04:37.645Z] >>> [apiv2][query] GET https://api.github.com/repos//actions/secrets/public-key type=owner
[debug] [2022-12-22T07:04:37.757Z] <<< [apiv2][status] GET https://api.github.com/repos/firebase deploy/actions/secrets/public-key 404
[debug] [2022-12-22T07:04:37.757Z] <<< [apiv2][body] GET https://api.github.com/repos/firebase deploy/actions/secrets/public-key {"message":"Not Found","documentation_url":"https://docs.github.com/rest"}
[debug] [2022-12-22T07:04:37.937Z] <<< [apiv2][status] GET https://api.github.com/repos//actions/secrets/public-key 404
[debug] [2022-12-22T07:04:37.937Z] <<< [apiv2][body] GET https://api.github.com/repos//actions/secrets/public-key {"message":"Not Found","documentation_url":"https://docs.github.com/rest"}
[debug] [2022-12-22T07:04:37.975Z] <<< [apiv2][status] GET https://api.github.com/repos//actions/secrets/public-key 404
[debug] [2022-12-22T07:04:37.975Z] <<< [apiv2][body] GET https://api.github.com/repos//actions/secrets/public-key {"message":"Not Found","documentation_url":"https://docs.github.com/rest"}
[debug] [2022-12-22T07:04:38.063Z] <<< [apiv2][status] GET https://api.github.com/repos//actions/secrets/public-key 404
[debug] [2022-12-22T07:04:38.063Z] <<< [apiv2][body] GET https://api.github.com/repos//actions/secrets/public-key {"message":"Not Found","documentation_url":"https://docs.github.com/rest"}
